{"/Users/wschenk/The-Focus-AI/idears-goose/src/db.js": {"path":"/Users/wschenk/The-Focus-AI/idears-goose/src/db.js","statementMap":{"0":{"start":{"line":1,"column":16},"end":{"line":1,"column":44}},"1":{"start":{"line":2,"column":13},"end":{"line":2,"column":28}},"2":{"start":{"line":3,"column":11},"end":{"line":3,"column":24}},"3":{"start":{"line":6,"column":16},"end":{"line":6,"column":47}},"4":{"start":{"line":7,"column":0},"end":{"line":9,"column":1}},"5":{"start":{"line":8,"column":2},"end":{"line":8,"column":45}},"6":{"start":{"line":11,"column":15},"end":{"line":11,"column":46}},"7":{"start":{"line":12,"column":11},"end":{"line":12,"column":39}},"8":{"start":{"line":16,"column":2},"end":{"line":50,"column":5}},"9":{"start":{"line":17,"column":4},"end":{"line":49,"column":7}},"10":{"start":{"line":19,"column":6},"end":{"line":25,"column":10}},"11":{"start":{"line":28,"column":6},"end":{"line":34,"column":10}},"12":{"start":{"line":37,"column":6},"end":{"line":48,"column":9}},"13":{"start":{"line":46,"column":8},"end":{"line":47,"column":23}},"14":{"start":{"line":46,"column":17},"end":{"line":46,"column":29}},"15":{"start":{"line":47,"column":13},"end":{"line":47,"column":23}},"16":{"start":{"line":54,"column":14},"end":{"line":162,"column":1}},"17":{"start":{"line":57,"column":4},"end":{"line":67,"column":7}},"18":{"start":{"line":58,"column":53},"end":{"line":58,"column":57}},"19":{"start":{"line":59,"column":6},"end":{"line":66,"column":8}},"20":{"start":{"line":63,"column":10},"end":{"line":63,"column":38}},"21":{"start":{"line":63,"column":19},"end":{"line":63,"column":38}},"22":{"start":{"line":64,"column":10},"end":{"line":64,"column":68}},"23":{"start":{"line":72,"column":4},"end":{"line":77,"column":7}},"24":{"start":{"line":73,"column":6},"end":{"line":76,"column":9}},"25":{"start":{"line":74,"column":8},"end":{"line":74,"column":36}},"26":{"start":{"line":74,"column":17},"end":{"line":74,"column":36}},"27":{"start":{"line":75,"column":8},"end":{"line":75,"column":22}},"28":{"start":{"line":82,"column":4},"end":{"line":101,"column":7}},"29":{"start":{"line":83,"column":6},"end":{"line":100,"column":9}},"30":{"start":{"line":84,"column":8},"end":{"line":84,"column":36}},"31":{"start":{"line":84,"column":17},"end":{"line":84,"column":36}},"32":{"start":{"line":85,"column":8},"end":{"line":85,"column":40}},"33":{"start":{"line":85,"column":19},"end":{"line":85,"column":40}},"34":{"start":{"line":88,"column":8},"end":{"line":99,"column":11}},"35":{"start":{"line":89,"column":10},"end":{"line":89,"column":38}},"36":{"start":{"line":89,"column":19},"end":{"line":89,"column":38}},"37":{"start":{"line":92,"column":10},"end":{"line":98,"column":13}},"38":{"start":{"line":93,"column":12},"end":{"line":93,"column":40}},"39":{"start":{"line":93,"column":21},"end":{"line":93,"column":40}},"40":{"start":{"line":95,"column":12},"end":{"line":95,"column":37}},"41":{"start":{"line":96,"column":12},"end":{"line":96,"column":49}},"42":{"start":{"line":97,"column":12},"end":{"line":97,"column":26}},"43":{"start":{"line":106,"column":4},"end":{"line":132,"column":7}},"44":{"start":{"line":107,"column":29},"end":{"line":107,"column":53}},"45":{"start":{"line":108,"column":27},"end":{"line":110,"column":33}},"46":{"start":{"line":109,"column":23},"end":{"line":109,"column":51}},"47":{"start":{"line":110,"column":20},"end":{"line":110,"column":32}},"48":{"start":{"line":112,"column":6},"end":{"line":112,"column":58}},"49":{"start":{"line":112,"column":37},"end":{"line":112,"column":58}},"50":{"start":{"line":114,"column":21},"end":{"line":116,"column":33}},"51":{"start":{"line":115,"column":23},"end":{"line":115,"column":51}},"52":{"start":{"line":116,"column":20},"end":{"line":116,"column":32}},"53":{"start":{"line":118,"column":6},"end":{"line":118,"column":22}},"54":{"start":{"line":120,"column":6},"end":{"line":131,"column":8}},"55":{"start":{"line":124,"column":10},"end":{"line":124,"column":38}},"56":{"start":{"line":124,"column":19},"end":{"line":124,"column":38}},"57":{"start":{"line":125,"column":10},"end":{"line":125,"column":55}},"58":{"start":{"line":125,"column":34},"end":{"line":125,"column":55}},"59":{"start":{"line":127,"column":10},"end":{"line":129,"column":27}},"60":{"start":{"line":137,"column":4},"end":{"line":150,"column":7}},"61":{"start":{"line":138,"column":6},"end":{"line":149,"column":8}},"62":{"start":{"line":142,"column":10},"end":{"line":142,"column":38}},"63":{"start":{"line":142,"column":19},"end":{"line":142,"column":38}},"64":{"start":{"line":143,"column":10},"end":{"line":143,"column":55}},"65":{"start":{"line":143,"column":34},"end":{"line":143,"column":55}},"66":{"start":{"line":145,"column":10},"end":{"line":147,"column":27}},"67":{"start":{"line":155,"column":4},"end":{"line":160,"column":7}},"68":{"start":{"line":156,"column":6},"end":{"line":159,"column":9}},"69":{"start":{"line":157,"column":8},"end":{"line":157,"column":36}},"70":{"start":{"line":157,"column":17},"end":{"line":157,"column":36}},"71":{"start":{"line":158,"column":8},"end":{"line":158,"column":47}},"72":{"start":{"line":165,"column":14},"end":{"line":204,"column":1}},"73":{"start":{"line":168,"column":4},"end":{"line":178,"column":7}},"74":{"start":{"line":169,"column":51},"end":{"line":169,"column":55}},"75":{"start":{"line":170,"column":6},"end":{"line":177,"column":8}},"76":{"start":{"line":174,"column":10},"end":{"line":174,"column":38}},"77":{"start":{"line":174,"column":19},"end":{"line":174,"column":38}},"78":{"start":{"line":175,"column":10},"end":{"line":175,"column":56}},"79":{"start":{"line":183,"column":4},"end":{"line":192,"column":7}},"80":{"start":{"line":184,"column":6},"end":{"line":191,"column":8}},"81":{"start":{"line":188,"column":10},"end":{"line":188,"column":38}},"82":{"start":{"line":188,"column":19},"end":{"line":188,"column":38}},"83":{"start":{"line":189,"column":10},"end":{"line":189,"column":25}},"84":{"start":{"line":197,"column":4},"end":{"line":202,"column":7}},"85":{"start":{"line":198,"column":6},"end":{"line":201,"column":9}},"86":{"start":{"line":199,"column":8},"end":{"line":199,"column":36}},"87":{"start":{"line":199,"column":17},"end":{"line":199,"column":36}},"88":{"start":{"line":200,"column":8},"end":{"line":200,"column":47}},"89":{"start":{"line":207,"column":20},"end":{"line":256,"column":1}},"90":{"start":{"line":210,"column":4},"end":{"line":220,"column":7}},"91":{"start":{"line":211,"column":72},"end":{"line":211,"column":82}},"92":{"start":{"line":212,"column":6},"end":{"line":219,"column":8}},"93":{"start":{"line":216,"column":10},"end":{"line":216,"column":38}},"94":{"start":{"line":216,"column":19},"end":{"line":216,"column":38}},"95":{"start":{"line":217,"column":10},"end":{"line":217,"column":77}},"96":{"start":{"line":225,"column":4},"end":{"line":234,"column":7}},"97":{"start":{"line":226,"column":6},"end":{"line":233,"column":8}},"98":{"start":{"line":230,"column":10},"end":{"line":230,"column":38}},"99":{"start":{"line":230,"column":19},"end":{"line":230,"column":38}},"100":{"start":{"line":231,"column":10},"end":{"line":231,"column":31}},"101":{"start":{"line":239,"column":4},"end":{"line":244,"column":7}},"102":{"start":{"line":240,"column":6},"end":{"line":243,"column":9}},"103":{"start":{"line":241,"column":8},"end":{"line":241,"column":36}},"104":{"start":{"line":241,"column":17},"end":{"line":241,"column":36}},"105":{"start":{"line":242,"column":8},"end":{"line":242,"column":28}},"106":{"start":{"line":249,"column":4},"end":{"line":254,"column":7}},"107":{"start":{"line":250,"column":6},"end":{"line":253,"column":9}},"108":{"start":{"line":251,"column":8},"end":{"line":251,"column":36}},"109":{"start":{"line":251,"column":17},"end":{"line":251,"column":36}},"110":{"start":{"line":252,"column":8},"end":{"line":252,"column":47}},"111":{"start":{"line":258,"column":0},"end":{"line":264,"column":2}}},"fnMap":{"0":{"name":"initDatabase","decl":{"start":{"line":15,"column":9},"end":{"line":15,"column":21}},"loc":{"start":{"line":15,"column":24},"end":{"line":51,"column":1}},"line":15},"1":{"name":"(anonymous_1)","decl":{"start":{"line":16,"column":21},"end":{"line":16,"column":22}},"loc":{"start":{"line":16,"column":42},"end":{"line":50,"column":3}},"line":16},"2":{"name":"(anonymous_2)","decl":{"start":{"line":17,"column":17},"end":{"line":17,"column":18}},"loc":{"start":{"line":17,"column":23},"end":{"line":49,"column":5}},"line":17},"3":{"name":"(anonymous_3)","decl":{"start":{"line":45,"column":10},"end":{"line":45,"column":11}},"loc":{"start":{"line":45,"column":19},"end":{"line":48,"column":7}},"line":45},"4":{"name":"(anonymous_4)","decl":{"start":{"line":56,"column":10},"end":{"line":56,"column":11}},"loc":{"start":{"line":56,"column":20},"end":{"line":68,"column":3}},"line":56},"5":{"name":"(anonymous_5)","decl":{"start":{"line":57,"column":23},"end":{"line":57,"column":24}},"loc":{"start":{"line":57,"column":44},"end":{"line":67,"column":5}},"line":57},"6":{"name":"(anonymous_6)","decl":{"start":{"line":62,"column":8},"end":{"line":62,"column":9}},"loc":{"start":{"line":62,"column":23},"end":{"line":65,"column":9}},"line":62},"7":{"name":"(anonymous_7)","decl":{"start":{"line":71,"column":10},"end":{"line":71,"column":11}},"loc":{"start":{"line":71,"column":16},"end":{"line":78,"column":3}},"line":71},"8":{"name":"(anonymous_8)","decl":{"start":{"line":72,"column":23},"end":{"line":72,"column":24}},"loc":{"start":{"line":72,"column":44},"end":{"line":77,"column":5}},"line":72},"9":{"name":"(anonymous_9)","decl":{"start":{"line":73,"column":73},"end":{"line":73,"column":74}},"loc":{"start":{"line":73,"column":88},"end":{"line":76,"column":7}},"line":73},"10":{"name":"(anonymous_10)","decl":{"start":{"line":81,"column":11},"end":{"line":81,"column":12}},"loc":{"start":{"line":81,"column":19},"end":{"line":102,"column":3}},"line":81},"11":{"name":"(anonymous_11)","decl":{"start":{"line":82,"column":23},"end":{"line":82,"column":24}},"loc":{"start":{"line":82,"column":44},"end":{"line":101,"column":5}},"line":82},"12":{"name":"(anonymous_12)","decl":{"start":{"line":83,"column":55},"end":{"line":83,"column":56}},"loc":{"start":{"line":83,"column":70},"end":{"line":100,"column":7}},"line":83},"13":{"name":"(anonymous_13)","decl":{"start":{"line":88,"column":87},"end":{"line":88,"column":88}},"loc":{"start":{"line":88,"column":103},"end":{"line":99,"column":9}},"line":88},"14":{"name":"(anonymous_14)","decl":{"start":{"line":92,"column":95},"end":{"line":92,"column":96}},"loc":{"start":{"line":92,"column":117},"end":{"line":98,"column":11}},"line":92},"15":{"name":"(anonymous_15)","decl":{"start":{"line":105,"column":10},"end":{"line":105,"column":11}},"loc":{"start":{"line":105,"column":27},"end":{"line":133,"column":3}},"line":105},"16":{"name":"(anonymous_16)","decl":{"start":{"line":106,"column":23},"end":{"line":106,"column":24}},"loc":{"start":{"line":106,"column":44},"end":{"line":132,"column":5}},"line":106},"17":{"name":"(anonymous_17)","decl":{"start":{"line":109,"column":16},"end":{"line":109,"column":17}},"loc":{"start":{"line":109,"column":23},"end":{"line":109,"column":51}},"line":109},"18":{"name":"(anonymous_18)","decl":{"start":{"line":110,"column":13},"end":{"line":110,"column":14}},"loc":{"start":{"line":110,"column":20},"end":{"line":110,"column":32}},"line":110},"19":{"name":"(anonymous_19)","decl":{"start":{"line":115,"column":16},"end":{"line":115,"column":17}},"loc":{"start":{"line":115,"column":23},"end":{"line":115,"column":51}},"line":115},"20":{"name":"(anonymous_20)","decl":{"start":{"line":116,"column":13},"end":{"line":116,"column":14}},"loc":{"start":{"line":116,"column":20},"end":{"line":116,"column":32}},"line":116},"21":{"name":"(anonymous_21)","decl":{"start":{"line":123,"column":8},"end":{"line":123,"column":9}},"loc":{"start":{"line":123,"column":23},"end":{"line":130,"column":9}},"line":123},"22":{"name":"(anonymous_22)","decl":{"start":{"line":136,"column":10},"end":{"line":136,"column":11}},"loc":{"start":{"line":136,"column":18},"end":{"line":151,"column":3}},"line":136},"23":{"name":"(anonymous_23)","decl":{"start":{"line":137,"column":23},"end":{"line":137,"column":24}},"loc":{"start":{"line":137,"column":44},"end":{"line":150,"column":5}},"line":137},"24":{"name":"(anonymous_24)","decl":{"start":{"line":141,"column":8},"end":{"line":141,"column":9}},"loc":{"start":{"line":141,"column":23},"end":{"line":148,"column":9}},"line":141},"25":{"name":"(anonymous_25)","decl":{"start":{"line":154,"column":10},"end":{"line":154,"column":11}},"loc":{"start":{"line":154,"column":18},"end":{"line":161,"column":3}},"line":154},"26":{"name":"(anonymous_26)","decl":{"start":{"line":155,"column":23},"end":{"line":155,"column":24}},"loc":{"start":{"line":155,"column":44},"end":{"line":160,"column":5}},"line":155},"27":{"name":"(anonymous_27)","decl":{"start":{"line":156,"column":53},"end":{"line":156,"column":54}},"loc":{"start":{"line":156,"column":68},"end":{"line":159,"column":7}},"line":156},"28":{"name":"(anonymous_28)","decl":{"start":{"line":167,"column":10},"end":{"line":167,"column":11}},"loc":{"start":{"line":167,"column":20},"end":{"line":179,"column":3}},"line":167},"29":{"name":"(anonymous_29)","decl":{"start":{"line":168,"column":23},"end":{"line":168,"column":24}},"loc":{"start":{"line":168,"column":44},"end":{"line":178,"column":5}},"line":168},"30":{"name":"(anonymous_30)","decl":{"start":{"line":173,"column":8},"end":{"line":173,"column":9}},"loc":{"start":{"line":173,"column":23},"end":{"line":176,"column":9}},"line":173},"31":{"name":"(anonymous_31)","decl":{"start":{"line":182,"column":15},"end":{"line":182,"column":16}},"loc":{"start":{"line":182,"column":27},"end":{"line":193,"column":3}},"line":182},"32":{"name":"(anonymous_32)","decl":{"start":{"line":183,"column":23},"end":{"line":183,"column":24}},"loc":{"start":{"line":183,"column":44},"end":{"line":192,"column":5}},"line":183},"33":{"name":"(anonymous_33)","decl":{"start":{"line":187,"column":8},"end":{"line":187,"column":9}},"loc":{"start":{"line":187,"column":24},"end":{"line":190,"column":9}},"line":187},"34":{"name":"(anonymous_34)","decl":{"start":{"line":196,"column":10},"end":{"line":196,"column":11}},"loc":{"start":{"line":196,"column":18},"end":{"line":203,"column":3}},"line":196},"35":{"name":"(anonymous_35)","decl":{"start":{"line":197,"column":23},"end":{"line":197,"column":24}},"loc":{"start":{"line":197,"column":44},"end":{"line":202,"column":5}},"line":197},"36":{"name":"(anonymous_36)","decl":{"start":{"line":198,"column":53},"end":{"line":198,"column":54}},"loc":{"start":{"line":198,"column":68},"end":{"line":201,"column":7}},"line":198},"37":{"name":"(anonymous_37)","decl":{"start":{"line":209,"column":10},"end":{"line":209,"column":11}},"loc":{"start":{"line":209,"column":26},"end":{"line":221,"column":3}},"line":209},"38":{"name":"(anonymous_38)","decl":{"start":{"line":210,"column":23},"end":{"line":210,"column":24}},"loc":{"start":{"line":210,"column":44},"end":{"line":220,"column":5}},"line":210},"39":{"name":"(anonymous_39)","decl":{"start":{"line":215,"column":8},"end":{"line":215,"column":9}},"loc":{"start":{"line":215,"column":23},"end":{"line":218,"column":9}},"line":215},"40":{"name":"(anonymous_40)","decl":{"start":{"line":224,"column":15},"end":{"line":224,"column":16}},"loc":{"start":{"line":224,"column":27},"end":{"line":235,"column":3}},"line":224},"41":{"name":"(anonymous_41)","decl":{"start":{"line":225,"column":23},"end":{"line":225,"column":24}},"loc":{"start":{"line":225,"column":44},"end":{"line":234,"column":5}},"line":225},"42":{"name":"(anonymous_42)","decl":{"start":{"line":229,"column":8},"end":{"line":229,"column":9}},"loc":{"start":{"line":229,"column":30},"end":{"line":232,"column":9}},"line":229},"43":{"name":"(anonymous_43)","decl":{"start":{"line":238,"column":11},"end":{"line":238,"column":12}},"loc":{"start":{"line":238,"column":19},"end":{"line":245,"column":3}},"line":238},"44":{"name":"(anonymous_44)","decl":{"start":{"line":239,"column":23},"end":{"line":239,"column":24}},"loc":{"start":{"line":239,"column":44},"end":{"line":244,"column":5}},"line":239},"45":{"name":"(anonymous_45)","decl":{"start":{"line":240,"column":61},"end":{"line":240,"column":62}},"loc":{"start":{"line":240,"column":82},"end":{"line":243,"column":7}},"line":240},"46":{"name":"(anonymous_46)","decl":{"start":{"line":248,"column":10},"end":{"line":248,"column":11}},"loc":{"start":{"line":248,"column":18},"end":{"line":255,"column":3}},"line":248},"47":{"name":"(anonymous_47)","decl":{"start":{"line":249,"column":23},"end":{"line":249,"column":24}},"loc":{"start":{"line":249,"column":44},"end":{"line":254,"column":5}},"line":249},"48":{"name":"(anonymous_48)","decl":{"start":{"line":250,"column":59},"end":{"line":250,"column":60}},"loc":{"start":{"line":250,"column":74},"end":{"line":253,"column":7}},"line":250}},"branchMap":{"0":{"loc":{"start":{"line":7,"column":0},"end":{"line":9,"column":1}},"type":"if","locations":[{"start":{"line":7,"column":0},"end":{"line":9,"column":1}},{"start":{},"end":{}}],"line":7},"1":{"loc":{"start":{"line":46,"column":8},"end":{"line":47,"column":23}},"type":"if","locations":[{"start":{"line":46,"column":8},"end":{"line":47,"column":23}},{"start":{"line":47,"column":13},"end":{"line":47,"column":23}}],"line":46},"2":{"loc":{"start":{"line":63,"column":10},"end":{"line":63,"column":38}},"type":"if","locations":[{"start":{"line":63,"column":10},"end":{"line":63,"column":38}},{"start":{},"end":{}}],"line":63},"3":{"loc":{"start":{"line":74,"column":8},"end":{"line":74,"column":36}},"type":"if","locations":[{"start":{"line":74,"column":8},"end":{"line":74,"column":36}},{"start":{},"end":{}}],"line":74},"4":{"loc":{"start":{"line":84,"column":8},"end":{"line":84,"column":36}},"type":"if","locations":[{"start":{"line":84,"column":8},"end":{"line":84,"column":36}},{"start":{},"end":{}}],"line":84},"5":{"loc":{"start":{"line":85,"column":8},"end":{"line":85,"column":40}},"type":"if","locations":[{"start":{"line":85,"column":8},"end":{"line":85,"column":40}},{"start":{},"end":{}}],"line":85},"6":{"loc":{"start":{"line":89,"column":10},"end":{"line":89,"column":38}},"type":"if","locations":[{"start":{"line":89,"column":10},"end":{"line":89,"column":38}},{"start":{},"end":{}}],"line":89},"7":{"loc":{"start":{"line":93,"column":12},"end":{"line":93,"column":40}},"type":"if","locations":[{"start":{"line":93,"column":12},"end":{"line":93,"column":40}},{"start":{},"end":{}}],"line":93},"8":{"loc":{"start":{"line":95,"column":25},"end":{"line":95,"column":36}},"type":"binary-expr","locations":[{"start":{"line":95,"column":25},"end":{"line":95,"column":30}},{"start":{"line":95,"column":34},"end":{"line":95,"column":36}}],"line":95},"9":{"loc":{"start":{"line":96,"column":31},"end":{"line":96,"column":48}},"type":"binary-expr","locations":[{"start":{"line":96,"column":31},"end":{"line":96,"column":42}},{"start":{"line":96,"column":46},"end":{"line":96,"column":48}}],"line":96},"10":{"loc":{"start":{"line":112,"column":6},"end":{"line":112,"column":58}},"type":"if","locations":[{"start":{"line":112,"column":6},"end":{"line":112,"column":58}},{"start":{},"end":{}}],"line":112},"11":{"loc":{"start":{"line":124,"column":10},"end":{"line":124,"column":38}},"type":"if","locations":[{"start":{"line":124,"column":10},"end":{"line":124,"column":38}},{"start":{},"end":{}}],"line":124},"12":{"loc":{"start":{"line":125,"column":10},"end":{"line":125,"column":55}},"type":"if","locations":[{"start":{"line":125,"column":10},"end":{"line":125,"column":55}},{"start":{},"end":{}}],"line":125},"13":{"loc":{"start":{"line":142,"column":10},"end":{"line":142,"column":38}},"type":"if","locations":[{"start":{"line":142,"column":10},"end":{"line":142,"column":38}},{"start":{},"end":{}}],"line":142},"14":{"loc":{"start":{"line":143,"column":10},"end":{"line":143,"column":55}},"type":"if","locations":[{"start":{"line":143,"column":10},"end":{"line":143,"column":55}},{"start":{},"end":{}}],"line":143},"15":{"loc":{"start":{"line":157,"column":8},"end":{"line":157,"column":36}},"type":"if","locations":[{"start":{"line":157,"column":8},"end":{"line":157,"column":36}},{"start":{},"end":{}}],"line":157},"16":{"loc":{"start":{"line":174,"column":10},"end":{"line":174,"column":38}},"type":"if","locations":[{"start":{"line":174,"column":10},"end":{"line":174,"column":38}},{"start":{},"end":{}}],"line":174},"17":{"loc":{"start":{"line":188,"column":10},"end":{"line":188,"column":38}},"type":"if","locations":[{"start":{"line":188,"column":10},"end":{"line":188,"column":38}},{"start":{},"end":{}}],"line":188},"18":{"loc":{"start":{"line":199,"column":8},"end":{"line":199,"column":36}},"type":"if","locations":[{"start":{"line":199,"column":8},"end":{"line":199,"column":36}},{"start":{},"end":{}}],"line":199},"19":{"loc":{"start":{"line":216,"column":10},"end":{"line":216,"column":38}},"type":"if","locations":[{"start":{"line":216,"column":10},"end":{"line":216,"column":38}},{"start":{},"end":{}}],"line":216},"20":{"loc":{"start":{"line":230,"column":10},"end":{"line":230,"column":38}},"type":"if","locations":[{"start":{"line":230,"column":10},"end":{"line":230,"column":38}},{"start":{},"end":{}}],"line":230},"21":{"loc":{"start":{"line":241,"column":8},"end":{"line":241,"column":36}},"type":"if","locations":[{"start":{"line":241,"column":8},"end":{"line":241,"column":36}},{"start":{},"end":{}}],"line":241},"22":{"loc":{"start":{"line":251,"column":8},"end":{"line":251,"column":36}},"type":"if","locations":[{"start":{"line":251,"column":8},"end":{"line":251,"column":36}},{"start":{},"end":{}}],"line":251}},"s":{"0":1,"1":1,"2":1,"3":1,"4":1,"5":1,"6":1,"7":1,"8":1,"9":1,"10":1,"11":1,"12":1,"13":1,"14":0,"15":1,"16":1,"17":2,"18":2,"19":2,"20":2,"21":0,"22":2,"23":1,"24":1,"25":1,"26":0,"27":1,"28":4,"29":4,"30":4,"31":0,"32":4,"33":1,"34":3,"35":3,"36":0,"37":3,"38":3,"39":0,"40":3,"41":3,"42":3,"43":1,"44":1,"45":1,"46":2,"47":2,"48":1,"49":0,"50":1,"51":2,"52":2,"53":1,"54":1,"55":1,"56":0,"57":1,"58":0,"59":1,"60":1,"61":1,"62":1,"63":0,"64":1,"65":0,"66":1,"67":1,"68":1,"69":1,"70":0,"71":1,"72":1,"73":1,"74":1,"75":1,"76":1,"77":0,"78":1,"79":2,"80":2,"81":2,"82":0,"83":2,"84":1,"85":1,"86":1,"87":0,"88":1,"89":1,"90":0,"91":0,"92":0,"93":0,"94":0,"95":0,"96":0,"97":0,"98":0,"99":0,"100":0,"101":0,"102":0,"103":0,"104":0,"105":0,"106":0,"107":0,"108":0,"109":0,"110":0,"111":1},"f":{"0":1,"1":1,"2":1,"3":1,"4":2,"5":2,"6":2,"7":1,"8":1,"9":1,"10":4,"11":4,"12":4,"13":3,"14":3,"15":1,"16":1,"17":2,"18":2,"19":2,"20":2,"21":1,"22":1,"23":1,"24":1,"25":1,"26":1,"27":1,"28":1,"29":1,"30":1,"31":2,"32":2,"33":2,"34":1,"35":1,"36":1,"37":0,"38":0,"39":0,"40":0,"41":0,"42":0,"43":0,"44":0,"45":0,"46":0,"47":0,"48":0},"b":{"0":[1,0],"1":[0,1],"2":[0,2],"3":[0,1],"4":[0,4],"5":[1,3],"6":[0,3],"7":[0,3],"8":[3,0],"9":[3,0],"10":[0,1],"11":[0,1],"12":[0,1],"13":[0,1],"14":[0,1],"15":[0,1],"16":[0,1],"17":[0,2],"18":[0,1],"19":[0,0],"20":[0,0],"21":[0,0],"22":[0,0]},"_coverageSchema":"1a1c01bbd47fc00a2c39e90264f33305004495a9","hash":"3615db6f89a998c18f6280114b0c0e053434eb56"}
,"/Users/wschenk/The-Focus-AI/idears-goose/src/routes.js": {"path":"/Users/wschenk/The-Focus-AI/idears-goose/src/routes.js","statementMap":{"0":{"start":{"line":1,"column":16},"end":{"line":1,"column":34}},"1":{"start":{"line":2,"column":15},"end":{"line":2,"column":31}},"2":{"start":{"line":3,"column":23},"end":{"line":3,"column":38}},"3":{"start":{"line":4,"column":13},"end":{"line":4,"column":28}},"4":{"start":{"line":5,"column":11},"end":{"line":5,"column":24}},"5":{"start":{"line":6,"column":38},"end":{"line":6,"column":53}},"6":{"start":{"line":9,"column":18},"end":{"line":9,"column":52}},"7":{"start":{"line":10,"column":0},"end":{"line":12,"column":1}},"8":{"start":{"line":11,"column":2},"end":{"line":11,"column":47}},"9":{"start":{"line":15,"column":0},"end":{"line":23,"column":3}},"10":{"start":{"line":16,"column":2},"end":{"line":22,"column":3}},"11":{"start":{"line":17,"column":21},"end":{"line":17,"column":41}},"12":{"start":{"line":18,"column":4},"end":{"line":18,"column":23}},"13":{"start":{"line":20,"column":4},"end":{"line":20,"column":50}},"14":{"start":{"line":21,"column":4},"end":{"line":21,"column":61}},"15":{"start":{"line":26,"column":0},"end":{"line":37,"column":3}},"16":{"start":{"line":27,"column":2},"end":{"line":36,"column":3}},"17":{"start":{"line":28,"column":17},"end":{"line":28,"column":51}},"18":{"start":{"line":29,"column":4},"end":{"line":31,"column":5}},"19":{"start":{"line":30,"column":6},"end":{"line":30,"column":63}},"20":{"start":{"line":32,"column":4},"end":{"line":32,"column":19}},"21":{"start":{"line":34,"column":4},"end":{"line":34,"column":49}},"22":{"start":{"line":35,"column":4},"end":{"line":35,"column":60}},"23":{"start":{"line":40,"column":0},"end":{"line":61,"column":3}},"24":{"start":{"line":41,"column":2},"end":{"line":60,"column":3}},"25":{"start":{"line":42,"column":35},"end":{"line":42,"column":43}},"26":{"start":{"line":44,"column":4},"end":{"line":46,"column":5}},"27":{"start":{"line":45,"column":6},"end":{"line":45,"column":66}},"28":{"start":{"line":48,"column":20},"end":{"line":53,"column":5}},"29":{"start":{"line":55,"column":20},"end":{"line":55,"column":47}},"30":{"start":{"line":56,"column":4},"end":{"line":56,"column":34}},"31":{"start":{"line":58,"column":4},"end":{"line":58,"column":49}},"32":{"start":{"line":59,"column":4},"end":{"line":59,"column":61}},"33":{"start":{"line":64,"column":0},"end":{"line":82,"column":3}},"34":{"start":{"line":65,"column":2},"end":{"line":81,"column":3}},"35":{"start":{"line":66,"column":35},"end":{"line":66,"column":43}},"36":{"start":{"line":67,"column":20},"end":{"line":67,"column":22}},"37":{"start":{"line":69,"column":4},"end":{"line":69,"column":51}},"38":{"start":{"line":69,"column":29},"end":{"line":69,"column":51}},"39":{"start":{"line":70,"column":4},"end":{"line":70,"column":69}},"40":{"start":{"line":70,"column":35},"end":{"line":70,"column":69}},"41":{"start":{"line":72,"column":20},"end":{"line":72,"column":62}},"42":{"start":{"line":73,"column":4},"end":{"line":75,"column":5}},"43":{"start":{"line":74,"column":6},"end":{"line":74,"column":63}},"44":{"start":{"line":77,"column":4},"end":{"line":77,"column":22}},"45":{"start":{"line":79,"column":4},"end":{"line":79,"column":49}},"46":{"start":{"line":80,"column":4},"end":{"line":80,"column":61}},"47":{"start":{"line":85,"column":0},"end":{"line":97,"column":3}},"48":{"start":{"line":86,"column":2},"end":{"line":96,"column":3}},"49":{"start":{"line":87,"column":20},"end":{"line":87,"column":53}},"50":{"start":{"line":88,"column":4},"end":{"line":90,"column":5}},"51":{"start":{"line":89,"column":6},"end":{"line":89,"column":63}},"52":{"start":{"line":92,"column":4},"end":{"line":92,"column":22}},"53":{"start":{"line":94,"column":4},"end":{"line":94,"column":49}},"54":{"start":{"line":95,"column":4},"end":{"line":95,"column":61}},"55":{"start":{"line":100,"column":0},"end":{"line":112,"column":3}},"56":{"start":{"line":101,"column":2},"end":{"line":111,"column":3}},"57":{"start":{"line":102,"column":19},"end":{"line":102,"column":52}},"58":{"start":{"line":103,"column":4},"end":{"line":105,"column":5}},"59":{"start":{"line":104,"column":6},"end":{"line":104,"column":63}},"60":{"start":{"line":107,"column":4},"end":{"line":107,"column":27}},"61":{"start":{"line":109,"column":4},"end":{"line":109,"column":49}},"62":{"start":{"line":110,"column":4},"end":{"line":110,"column":61}},"63":{"start":{"line":115,"column":0},"end":{"line":143,"column":3}},"64":{"start":{"line":116,"column":2},"end":{"line":142,"column":3}},"65":{"start":{"line":117,"column":24},"end":{"line":117,"column":32}},"66":{"start":{"line":118,"column":23},"end":{"line":118,"column":33}},"67":{"start":{"line":120,"column":4},"end":{"line":122,"column":5}},"68":{"start":{"line":121,"column":6},"end":{"line":121,"column":73}},"69":{"start":{"line":125,"column":17},"end":{"line":125,"column":44}},"70":{"start":{"line":126,"column":4},"end":{"line":128,"column":5}},"71":{"start":{"line":127,"column":6},"end":{"line":127,"column":63}},"72":{"start":{"line":130,"column":20},"end":{"line":135,"column":5}},"73":{"start":{"line":137,"column":20},"end":{"line":137,"column":47}},"74":{"start":{"line":138,"column":4},"end":{"line":138,"column":34}},"75":{"start":{"line":140,"column":4},"end":{"line":140,"column":47}},"76":{"start":{"line":141,"column":4},"end":{"line":141,"column":58}},"77":{"start":{"line":146,"column":0},"end":{"line":162,"column":3}},"78":{"start":{"line":147,"column":2},"end":{"line":161,"column":3}},"79":{"start":{"line":148,"column":23},"end":{"line":148,"column":33}},"80":{"start":{"line":151,"column":17},"end":{"line":151,"column":44}},"81":{"start":{"line":152,"column":4},"end":{"line":154,"column":5}},"82":{"start":{"line":153,"column":6},"end":{"line":153,"column":63}},"83":{"start":{"line":156,"column":22},"end":{"line":156,"column":53}},"84":{"start":{"line":157,"column":4},"end":{"line":157,"column":24}},"85":{"start":{"line":159,"column":4},"end":{"line":159,"column":50}},"86":{"start":{"line":160,"column":4},"end":{"line":160,"column":61}},"87":{"start":{"line":165,"column":0},"end":{"line":177,"column":3}},"88":{"start":{"line":166,"column":2},"end":{"line":176,"column":3}},"89":{"start":{"line":167,"column":19},"end":{"line":167,"column":52}},"90":{"start":{"line":168,"column":4},"end":{"line":170,"column":5}},"91":{"start":{"line":169,"column":6},"end":{"line":169,"column":63}},"92":{"start":{"line":172,"column":4},"end":{"line":172,"column":27}},"93":{"start":{"line":174,"column":4},"end":{"line":174,"column":49}},"94":{"start":{"line":175,"column":4},"end":{"line":175,"column":61}},"95":{"start":{"line":180,"column":0},"end":{"line":223,"column":3}},"96":{"start":{"line":181,"column":2},"end":{"line":222,"column":3}},"97":{"start":{"line":182,"column":23},"end":{"line":182,"column":33}},"98":{"start":{"line":185,"column":17},"end":{"line":185,"column":44}},"99":{"start":{"line":186,"column":4},"end":{"line":188,"column":5}},"100":{"start":{"line":187,"column":6},"end":{"line":187,"column":63}},"101":{"start":{"line":190,"column":4},"end":{"line":192,"column":5}},"102":{"start":{"line":191,"column":6},"end":{"line":191,"column":65}},"103":{"start":{"line":194,"column":17},"end":{"line":194,"column":31}},"104":{"start":{"line":195,"column":19},"end":{"line":195,"column":27}},"105":{"start":{"line":196,"column":20},"end":{"line":196,"column":43}},"106":{"start":{"line":197,"column":21},"end":{"line":197,"column":42}},"107":{"start":{"line":198,"column":21},"end":{"line":198,"column":51}},"108":{"start":{"line":201,"column":4},"end":{"line":218,"column":7}},"109":{"start":{"line":202,"column":6},"end":{"line":205,"column":7}},"110":{"start":{"line":203,"column":8},"end":{"line":203,"column":49}},"111":{"start":{"line":204,"column":8},"end":{"line":204,"column":72}},"112":{"start":{"line":207,"column":28},"end":{"line":214,"column":7}},"113":{"start":{"line":216,"column":22},"end":{"line":216,"column":61}},"114":{"start":{"line":217,"column":6},"end":{"line":217,"column":36}},"115":{"start":{"line":220,"column":4},"end":{"line":220,"column":53}},"116":{"start":{"line":221,"column":4},"end":{"line":221,"column":64}},"117":{"start":{"line":226,"column":0},"end":{"line":242,"column":3}},"118":{"start":{"line":227,"column":2},"end":{"line":241,"column":3}},"119":{"start":{"line":228,"column":23},"end":{"line":228,"column":33}},"120":{"start":{"line":231,"column":17},"end":{"line":231,"column":44}},"121":{"start":{"line":232,"column":4},"end":{"line":234,"column":5}},"122":{"start":{"line":233,"column":6},"end":{"line":233,"column":63}},"123":{"start":{"line":236,"column":28},"end":{"line":236,"column":65}},"124":{"start":{"line":237,"column":4},"end":{"line":237,"column":30}},"125":{"start":{"line":239,"column":4},"end":{"line":239,"column":56}},"126":{"start":{"line":240,"column":4},"end":{"line":240,"column":67}},"127":{"start":{"line":245,"column":0},"end":{"line":270,"column":3}},"128":{"start":{"line":246,"column":2},"end":{"line":269,"column":3}},"129":{"start":{"line":248,"column":23},"end":{"line":248,"column":63}},"130":{"start":{"line":249,"column":4},"end":{"line":251,"column":5}},"131":{"start":{"line":250,"column":6},"end":{"line":250,"column":69}},"132":{"start":{"line":254,"column":21},"end":{"line":254,"column":68}},"133":{"start":{"line":255,"column":4},"end":{"line":257,"column":5}},"134":{"start":{"line":256,"column":6},"end":{"line":256,"column":30}},"135":{"start":{"line":260,"column":19},"end":{"line":260,"column":58}},"136":{"start":{"line":261,"column":4},"end":{"line":263,"column":5}},"137":{"start":{"line":262,"column":6},"end":{"line":262,"column":69}},"138":{"start":{"line":265,"column":4},"end":{"line":265,"column":27}},"139":{"start":{"line":267,"column":4},"end":{"line":267,"column":55}},"140":{"start":{"line":268,"column":4},"end":{"line":268,"column":67}},"141":{"start":{"line":272,"column":0},"end":{"line":272,"column":24}}},"fnMap":{"0":{"name":"(anonymous_0)","decl":{"start":{"line":15,"column":21},"end":{"line":15,"column":22}},"loc":{"start":{"line":15,"column":41},"end":{"line":23,"column":1}},"line":15},"1":{"name":"(anonymous_1)","decl":{"start":{"line":26,"column":25},"end":{"line":26,"column":26}},"loc":{"start":{"line":26,"column":45},"end":{"line":37,"column":1}},"line":26},"2":{"name":"(anonymous_2)","decl":{"start":{"line":40,"column":22},"end":{"line":40,"column":23}},"loc":{"start":{"line":40,"column":42},"end":{"line":61,"column":1}},"line":40},"3":{"name":"(anonymous_3)","decl":{"start":{"line":64,"column":25},"end":{"line":64,"column":26}},"loc":{"start":{"line":64,"column":45},"end":{"line":82,"column":1}},"line":64},"4":{"name":"(anonymous_4)","decl":{"start":{"line":85,"column":33},"end":{"line":85,"column":34}},"loc":{"start":{"line":85,"column":53},"end":{"line":97,"column":1}},"line":85},"5":{"name":"(anonymous_5)","decl":{"start":{"line":100,"column":28},"end":{"line":100,"column":29}},"loc":{"start":{"line":100,"column":48},"end":{"line":112,"column":1}},"line":100},"6":{"name":"(anonymous_6)","decl":{"start":{"line":115,"column":36},"end":{"line":115,"column":37}},"loc":{"start":{"line":115,"column":56},"end":{"line":143,"column":1}},"line":115},"7":{"name":"(anonymous_7)","decl":{"start":{"line":146,"column":35},"end":{"line":146,"column":36}},"loc":{"start":{"line":146,"column":55},"end":{"line":162,"column":1}},"line":146},"8":{"name":"(anonymous_8)","decl":{"start":{"line":165,"column":28},"end":{"line":165,"column":29}},"loc":{"start":{"line":165,"column":48},"end":{"line":177,"column":1}},"line":165},"9":{"name":"(anonymous_9)","decl":{"start":{"line":180,"column":42},"end":{"line":180,"column":43}},"loc":{"start":{"line":180,"column":62},"end":{"line":223,"column":1}},"line":180},"10":{"name":"(anonymous_10)","decl":{"start":{"line":201,"column":22},"end":{"line":201,"column":23}},"loc":{"start":{"line":201,"column":37},"end":{"line":218,"column":5}},"line":201},"11":{"name":"(anonymous_11)","decl":{"start":{"line":226,"column":41},"end":{"line":226,"column":42}},"loc":{"start":{"line":226,"column":61},"end":{"line":242,"column":1}},"line":226},"12":{"name":"(anonymous_12)","decl":{"start":{"line":245,"column":34},"end":{"line":245,"column":35}},"loc":{"start":{"line":245,"column":54},"end":{"line":270,"column":1}},"line":245}},"branchMap":{"0":{"loc":{"start":{"line":10,"column":0},"end":{"line":12,"column":1}},"type":"if","locations":[{"start":{"line":10,"column":0},"end":{"line":12,"column":1}},{"start":{},"end":{}}],"line":10},"1":{"loc":{"start":{"line":29,"column":4},"end":{"line":31,"column":5}},"type":"if","locations":[{"start":{"line":29,"column":4},"end":{"line":31,"column":5}},{"start":{},"end":{}}],"line":29},"2":{"loc":{"start":{"line":44,"column":4},"end":{"line":46,"column":5}},"type":"if","locations":[{"start":{"line":44,"column":4},"end":{"line":46,"column":5}},{"start":{},"end":{}}],"line":44},"3":{"loc":{"start":{"line":44,"column":8},"end":{"line":44,"column":66}},"type":"binary-expr","locations":[{"start":{"line":44,"column":8},"end":{"line":44,"column":14}},{"start":{"line":44,"column":18},"end":{"line":44,"column":43}},{"start":{"line":44,"column":47},"end":{"line":44,"column":66}}],"line":44},"4":{"loc":{"start":{"line":51,"column":19},"end":{"line":51,"column":36}},"type":"binary-expr","locations":[{"start":{"line":51,"column":19},"end":{"line":51,"column":30}},{"start":{"line":51,"column":34},"end":{"line":51,"column":36}}],"line":51},"5":{"loc":{"start":{"line":69,"column":4},"end":{"line":69,"column":51}},"type":"if","locations":[{"start":{"line":69,"column":4},"end":{"line":69,"column":51}},{"start":{},"end":{}}],"line":69},"6":{"loc":{"start":{"line":70,"column":4},"end":{"line":70,"column":69}},"type":"if","locations":[{"start":{"line":70,"column":4},"end":{"line":70,"column":69}},{"start":{},"end":{}}],"line":70},"7":{"loc":{"start":{"line":73,"column":4},"end":{"line":75,"column":5}},"type":"if","locations":[{"start":{"line":73,"column":4},"end":{"line":75,"column":5}},{"start":{},"end":{}}],"line":73},"8":{"loc":{"start":{"line":88,"column":4},"end":{"line":90,"column":5}},"type":"if","locations":[{"start":{"line":88,"column":4},"end":{"line":90,"column":5}},{"start":{},"end":{}}],"line":88},"9":{"loc":{"start":{"line":103,"column":4},"end":{"line":105,"column":5}},"type":"if","locations":[{"start":{"line":103,"column":4},"end":{"line":105,"column":5}},{"start":{},"end":{}}],"line":103},"10":{"loc":{"start":{"line":120,"column":4},"end":{"line":122,"column":5}},"type":"if","locations":[{"start":{"line":120,"column":4},"end":{"line":122,"column":5}},{"start":{},"end":{}}],"line":120},"11":{"loc":{"start":{"line":120,"column":8},"end":{"line":120,"column":72}},"type":"binary-expr","locations":[{"start":{"line":120,"column":8},"end":{"line":120,"column":16}},{"start":{"line":120,"column":20},"end":{"line":120,"column":47}},{"start":{"line":120,"column":51},"end":{"line":120,"column":72}}],"line":120},"12":{"loc":{"start":{"line":126,"column":4},"end":{"line":128,"column":5}},"type":"if","locations":[{"start":{"line":126,"column":4},"end":{"line":128,"column":5}},{"start":{},"end":{}}],"line":126},"13":{"loc":{"start":{"line":152,"column":4},"end":{"line":154,"column":5}},"type":"if","locations":[{"start":{"line":152,"column":4},"end":{"line":154,"column":5}},{"start":{},"end":{}}],"line":152},"14":{"loc":{"start":{"line":168,"column":4},"end":{"line":170,"column":5}},"type":"if","locations":[{"start":{"line":168,"column":4},"end":{"line":170,"column":5}},{"start":{},"end":{}}],"line":168},"15":{"loc":{"start":{"line":186,"column":4},"end":{"line":188,"column":5}},"type":"if","locations":[{"start":{"line":186,"column":4},"end":{"line":188,"column":5}},{"start":{},"end":{}}],"line":186},"16":{"loc":{"start":{"line":190,"column":4},"end":{"line":192,"column":5}},"type":"if","locations":[{"start":{"line":190,"column":4},"end":{"line":192,"column":5}},{"start":{},"end":{}}],"line":190},"17":{"loc":{"start":{"line":190,"column":8},"end":{"line":190,"column":57}},"type":"binary-expr","locations":[{"start":{"line":190,"column":8},"end":{"line":190,"column":18}},{"start":{"line":190,"column":22},"end":{"line":190,"column":57}}],"line":190},"18":{"loc":{"start":{"line":202,"column":6},"end":{"line":205,"column":7}},"type":"if","locations":[{"start":{"line":202,"column":6},"end":{"line":205,"column":7}},{"start":{},"end":{}}],"line":202},"19":{"loc":{"start":{"line":232,"column":4},"end":{"line":234,"column":5}},"type":"if","locations":[{"start":{"line":232,"column":4},"end":{"line":234,"column":5}},{"start":{},"end":{}}],"line":232},"20":{"loc":{"start":{"line":249,"column":4},"end":{"line":251,"column":5}},"type":"if","locations":[{"start":{"line":249,"column":4},"end":{"line":251,"column":5}},{"start":{},"end":{}}],"line":249},"21":{"loc":{"start":{"line":255,"column":4},"end":{"line":257,"column":5}},"type":"if","locations":[{"start":{"line":255,"column":4},"end":{"line":257,"column":5}},{"start":{},"end":{}}],"line":255},"22":{"loc":{"start":{"line":261,"column":4},"end":{"line":263,"column":5}},"type":"if","locations":[{"start":{"line":261,"column":4},"end":{"line":263,"column":5}},{"start":{},"end":{}}],"line":261}},"s":{"0":1,"1":1,"2":1,"3":1,"4":1,"5":1,"6":1,"7":1,"8":0,"9":1,"10":1,"11":1,"12":1,"13":0,"14":0,"15":1,"16":2,"17":2,"18":2,"19":1,"20":1,"21":0,"22":0,"23":1,"24":2,"25":2,"26":2,"27":1,"28":1,"29":1,"30":1,"31":0,"32":0,"33":1,"34":2,"35":2,"36":2,"37":2,"38":2,"39":2,"40":1,"41":2,"42":2,"43":1,"44":1,"45":0,"46":0,"47":1,"48":2,"49":2,"50":2,"51":1,"52":1,"53":0,"54":0,"55":1,"56":2,"57":2,"58":2,"59":1,"60":1,"61":0,"62":0,"63":1,"64":1,"65":1,"66":1,"67":1,"68":0,"69":1,"70":1,"71":0,"72":1,"73":1,"74":1,"75":0,"76":0,"77":1,"78":1,"79":1,"80":1,"81":1,"82":0,"83":1,"84":1,"85":0,"86":0,"87":1,"88":1,"89":1,"90":1,"91":0,"92":1,"93":0,"94":0,"95":1,"96":0,"97":0,"98":0,"99":0,"100":0,"101":0,"102":0,"103":0,"104":0,"105":0,"106":0,"107":0,"108":0,"109":0,"110":0,"111":0,"112":0,"113":0,"114":0,"115":0,"116":0,"117":1,"118":1,"119":1,"120":1,"121":1,"122":0,"123":1,"124":1,"125":0,"126":0,"127":1,"128":1,"129":1,"130":1,"131":0,"132":1,"133":1,"134":1,"135":1,"136":1,"137":0,"138":1,"139":0,"140":0,"141":1},"f":{"0":1,"1":2,"2":2,"3":2,"4":2,"5":2,"6":1,"7":1,"8":1,"9":0,"10":0,"11":1,"12":1},"b":{"0":[0,1],"1":[1,1],"2":[1,1],"3":[2,1,1],"4":[1,0],"5":[2,0],"6":[1,1],"7":[1,1],"8":[1,1],"9":[1,1],"10":[0,1],"11":[1,1,1],"12":[0,1],"13":[0,1],"14":[0,1],"15":[0,0],"16":[0,0],"17":[0,0],"18":[0,0],"19":[0,1],"20":[0,1],"21":[1,0],"22":[0,1]},"_coverageSchema":"1a1c01bbd47fc00a2c39e90264f33305004495a9","hash":"8b69a36f119928bb16551b6fefcea5efbb780af2"}
}
