TN:
SF:src/db.js
FN:15,initDatabase
FN:16,(anonymous_1)
FN:17,(anonymous_2)
FN:45,(anonymous_3)
FN:56,(anonymous_4)
FN:57,(anonymous_5)
FN:62,(anonymous_6)
FN:71,(anonymous_7)
FN:72,(anonymous_8)
FN:73,(anonymous_9)
FN:81,(anonymous_10)
FN:82,(anonymous_11)
FN:83,(anonymous_12)
FN:88,(anonymous_13)
FN:92,(anonymous_14)
FN:105,(anonymous_15)
FN:106,(anonymous_16)
FN:109,(anonymous_17)
FN:110,(anonymous_18)
FN:115,(anonymous_19)
FN:116,(anonymous_20)
FN:123,(anonymous_21)
FN:136,(anonymous_22)
FN:137,(anonymous_23)
FN:141,(anonymous_24)
FN:154,(anonymous_25)
FN:155,(anonymous_26)
FN:156,(anonymous_27)
FN:167,(anonymous_28)
FN:168,(anonymous_29)
FN:173,(anonymous_30)
FN:182,(anonymous_31)
FN:183,(anonymous_32)
FN:187,(anonymous_33)
FN:196,(anonymous_34)
FN:197,(anonymous_35)
FN:198,(anonymous_36)
FN:209,(anonymous_37)
FN:210,(anonymous_38)
FN:215,(anonymous_39)
FN:224,(anonymous_40)
FN:225,(anonymous_41)
FN:229,(anonymous_42)
FN:238,(anonymous_43)
FN:239,(anonymous_44)
FN:240,(anonymous_45)
FN:248,(anonymous_46)
FN:249,(anonymous_47)
FN:250,(anonymous_48)
FNF:49
FNH:37
FNDA:1,initDatabase
FNDA:1,(anonymous_1)
FNDA:1,(anonymous_2)
FNDA:1,(anonymous_3)
FNDA:2,(anonymous_4)
FNDA:2,(anonymous_5)
FNDA:2,(anonymous_6)
FNDA:1,(anonymous_7)
FNDA:1,(anonymous_8)
FNDA:1,(anonymous_9)
FNDA:4,(anonymous_10)
FNDA:4,(anonymous_11)
FNDA:4,(anonymous_12)
FNDA:3,(anonymous_13)
FNDA:3,(anonymous_14)
FNDA:1,(anonymous_15)
FNDA:1,(anonymous_16)
FNDA:2,(anonymous_17)
FNDA:2,(anonymous_18)
FNDA:2,(anonymous_19)
FNDA:2,(anonymous_20)
FNDA:1,(anonymous_21)
FNDA:1,(anonymous_22)
FNDA:1,(anonymous_23)
FNDA:1,(anonymous_24)
FNDA:1,(anonymous_25)
FNDA:1,(anonymous_26)
FNDA:1,(anonymous_27)
FNDA:1,(anonymous_28)
FNDA:1,(anonymous_29)
FNDA:1,(anonymous_30)
FNDA:2,(anonymous_31)
FNDA:2,(anonymous_32)
FNDA:2,(anonymous_33)
FNDA:1,(anonymous_34)
FNDA:1,(anonymous_35)
FNDA:1,(anonymous_36)
FNDA:0,(anonymous_37)
FNDA:0,(anonymous_38)
FNDA:0,(anonymous_39)
FNDA:0,(anonymous_40)
FNDA:0,(anonymous_41)
FNDA:0,(anonymous_42)
FNDA:0,(anonymous_43)
FNDA:0,(anonymous_44)
FNDA:0,(anonymous_45)
FNDA:0,(anonymous_46)
FNDA:0,(anonymous_47)
FNDA:0,(anonymous_48)
DA:1,1
DA:2,1
DA:3,1
DA:6,1
DA:7,1
DA:8,1
DA:11,1
DA:12,1
DA:16,1
DA:17,1
DA:19,1
DA:28,1
DA:37,1
DA:46,1
DA:47,1
DA:54,1
DA:57,2
DA:58,2
DA:59,2
DA:63,2
DA:64,2
DA:72,1
DA:73,1
DA:74,1
DA:75,1
DA:82,4
DA:83,4
DA:84,4
DA:85,4
DA:88,3
DA:89,3
DA:92,3
DA:93,3
DA:95,3
DA:96,3
DA:97,3
DA:106,1
DA:107,1
DA:108,1
DA:109,2
DA:110,2
DA:112,1
DA:114,1
DA:115,2
DA:116,2
DA:118,1
DA:120,1
DA:124,1
DA:125,1
DA:127,1
DA:137,1
DA:138,1
DA:142,1
DA:143,1
DA:145,1
DA:155,1
DA:156,1
DA:157,1
DA:158,1
DA:165,1
DA:168,1
DA:169,1
DA:170,1
DA:174,1
DA:175,1
DA:183,2
DA:184,2
DA:188,2
DA:189,2
DA:197,1
DA:198,1
DA:199,1
DA:200,1
DA:207,1
DA:210,0
DA:211,0
DA:212,0
DA:216,0
DA:217,0
DA:225,0
DA:226,0
DA:230,0
DA:231,0
DA:239,0
DA:240,0
DA:241,0
DA:242,0
DA:249,0
DA:250,0
DA:251,0
DA:252,0
DA:258,1
LF:92
LH:75
BRDA:7,0,0,1
BRDA:7,0,1,0
BRDA:46,1,0,0
BRDA:46,1,1,1
BRDA:63,2,0,0
BRDA:63,2,1,2
BRDA:74,3,0,0
BRDA:74,3,1,1
BRDA:84,4,0,0
BRDA:84,4,1,4
BRDA:85,5,0,1
BRDA:85,5,1,3
BRDA:89,6,0,0
BRDA:89,6,1,3
BRDA:93,7,0,0
BRDA:93,7,1,3
BRDA:95,8,0,3
BRDA:95,8,1,0
BRDA:96,9,0,3
BRDA:96,9,1,0
BRDA:112,10,0,0
BRDA:112,10,1,1
BRDA:124,11,0,0
BRDA:124,11,1,1
BRDA:125,12,0,0
BRDA:125,12,1,1
BRDA:142,13,0,0
BRDA:142,13,1,1
BRDA:143,14,0,0
BRDA:143,14,1,1
BRDA:157,15,0,0
BRDA:157,15,1,1
BRDA:174,16,0,0
BRDA:174,16,1,1
BRDA:188,17,0,0
BRDA:188,17,1,2
BRDA:199,18,0,0
BRDA:199,18,1,1
BRDA:216,19,0,0
BRDA:216,19,1,0
BRDA:230,20,0,0
BRDA:230,20,1,0
BRDA:241,21,0,0
BRDA:241,21,1,0
BRDA:251,22,0,0
BRDA:251,22,1,0
BRF:46
BRH:20
end_of_record
TN:
SF:src/routes.js
FN:15,(anonymous_0)
FN:26,(anonymous_1)
FN:40,(anonymous_2)
FN:64,(anonymous_3)
FN:85,(anonymous_4)
FN:100,(anonymous_5)
FN:115,(anonymous_6)
FN:146,(anonymous_7)
FN:165,(anonymous_8)
FN:180,(anonymous_9)
FN:201,(anonymous_10)
FN:226,(anonymous_11)
FN:245,(anonymous_12)
FNF:13
FNH:11
FNDA:1,(anonymous_0)
FNDA:2,(anonymous_1)
FNDA:2,(anonymous_2)
FNDA:2,(anonymous_3)
FNDA:2,(anonymous_4)
FNDA:2,(anonymous_5)
FNDA:1,(anonymous_6)
FNDA:1,(anonymous_7)
FNDA:1,(anonymous_8)
FNDA:0,(anonymous_9)
FNDA:0,(anonymous_10)
FNDA:1,(anonymous_11)
FNDA:1,(anonymous_12)
DA:1,1
DA:2,1
DA:3,1
DA:4,1
DA:5,1
DA:6,1
DA:9,1
DA:10,1
DA:11,0
DA:15,1
DA:16,1
DA:17,1
DA:18,1
DA:20,0
DA:21,0
DA:26,1
DA:27,2
DA:28,2
DA:29,2
DA:30,1
DA:32,1
DA:34,0
DA:35,0
DA:40,1
DA:41,2
DA:42,2
DA:44,2
DA:45,1
DA:48,1
DA:55,1
DA:56,1
DA:58,0
DA:59,0
DA:64,1
DA:65,2
DA:66,2
DA:67,2
DA:69,2
DA:70,2
DA:72,2
DA:73,2
DA:74,1
DA:77,1
DA:79,0
DA:80,0
DA:85,1
DA:86,2
DA:87,2
DA:88,2
DA:89,1
DA:92,1
DA:94,0
DA:95,0
DA:100,1
DA:101,2
DA:102,2
DA:103,2
DA:104,1
DA:107,1
DA:109,0
DA:110,0
DA:115,1
DA:116,1
DA:117,1
DA:118,1
DA:120,1
DA:121,0
DA:125,1
DA:126,1
DA:127,0
DA:130,1
DA:137,1
DA:138,1
DA:140,0
DA:141,0
DA:146,1
DA:147,1
DA:148,1
DA:151,1
DA:152,1
DA:153,0
DA:156,1
DA:157,1
DA:159,0
DA:160,0
DA:165,1
DA:166,1
DA:167,1
DA:168,1
DA:169,0
DA:172,1
DA:174,0
DA:175,0
DA:180,1
DA:181,0
DA:182,0
DA:185,0
DA:186,0
DA:187,0
DA:190,0
DA:191,0
DA:194,0
DA:195,0
DA:196,0
DA:197,0
DA:198,0
DA:201,0
DA:202,0
DA:203,0
DA:204,0
DA:207,0
DA:216,0
DA:217,0
DA:220,0
DA:221,0
DA:226,1
DA:227,1
DA:228,1
DA:231,1
DA:232,1
DA:233,0
DA:236,1
DA:237,1
DA:239,0
DA:240,0
DA:245,1
DA:246,1
DA:248,1
DA:249,1
DA:250,0
DA:254,1
DA:255,1
DA:256,1
DA:260,1
DA:261,1
DA:262,0
DA:265,1
DA:267,0
DA:268,0
DA:272,1
LF:140
LH:89
BRDA:10,0,0,0
BRDA:10,0,1,1
BRDA:29,1,0,1
BRDA:29,1,1,1
BRDA:44,2,0,1
BRDA:44,2,1,1
BRDA:44,3,0,2
BRDA:44,3,1,1
BRDA:44,3,2,1
BRDA:51,4,0,1
BRDA:51,4,1,0
BRDA:69,5,0,2
BRDA:69,5,1,0
BRDA:70,6,0,1
BRDA:70,6,1,1
BRDA:73,7,0,1
BRDA:73,7,1,1
BRDA:88,8,0,1
BRDA:88,8,1,1
BRDA:103,9,0,1
BRDA:103,9,1,1
BRDA:120,10,0,0
BRDA:120,10,1,1
BRDA:120,11,0,1
BRDA:120,11,1,1
BRDA:120,11,2,1
BRDA:126,12,0,0
BRDA:126,12,1,1
BRDA:152,13,0,0
BRDA:152,13,1,1
BRDA:168,14,0,0
BRDA:168,14,1,1
BRDA:186,15,0,0
BRDA:186,15,1,0
BRDA:190,16,0,0
BRDA:190,16,1,0
BRDA:190,17,0,0
BRDA:190,17,1,0
BRDA:202,18,0,0
BRDA:202,18,1,0
BRDA:232,19,0,0
BRDA:232,19,1,1
BRDA:249,20,0,0
BRDA:249,20,1,1
BRDA:255,21,0,1
BRDA:255,21,1,0
BRDA:261,22,0,0
BRDA:261,22,1,1
BRF:48
BRH:29
end_of_record
